
------------------------------------------------------------
Sender: LSF System <lsf@hx-noah-52-03>
Subject: Job 4948483: <python /nfs/gns/literature/Santosh_Tirunagari/GitHub/Unsupervised-Protein-Genes-Diseases-Extraction/Scripts/merge_annotations/CD_GP_DS_OG_Dataset_2.py> in cluster <EBI> Done

Job <python /nfs/gns/literature/Santosh_Tirunagari/GitHub/Unsupervised-Protein-Genes-Diseases-Extraction/Scripts/merge_annotations/CD_GP_DS_OG_Dataset_2.py> was submitted from host <noah-login-03> by user <stirunag> in cluster <EBI> at Thu Oct 29 15:57:09 2020
Job was executed on host(s) <4*hx-noah-52-03>, in queue <research-rh74>, as user <stirunag> in cluster <EBI> at Thu Oct 29 15:57:13 2020
</homes/stirunag> was used as the home directory.
</nfs/gns/literature/Santosh_Tirunagari/Submissions> was used as the working directory.
Started at Thu Oct 29 15:57:13 2020
Terminated at Thu Oct 29 19:29:02 2020
Results reported at Thu Oct 29 19:29:02 2020

Your job looked like:

------------------------------------------------------------
# LSBATCH: User input
python /nfs/gns/literature/Santosh_Tirunagari/GitHub/Unsupervised-Protein-Genes-Diseases-Extraction/Scripts/merge_annotations/CD_GP_DS_OG_Dataset_2.py
------------------------------------------------------------

Successfully completed.

Resource usage summary:

    CPU time :                                   197.95 sec.
    Max Memory :                                 76 MB
    Average Memory :                             75.86 MB
    Total Requested Memory :                     8000.00 MB
    Delta Memory :                               7924.00 MB
    Max Swap :                                   611 MB
    Max Processes :                              3
    Max Threads :                                5
    Run time :                                   12724 sec.
    Turnaround time :                            12713 sec.

The output (if any) is above this job summary.



PS:

Read file </nfs/gns/literature/Santosh_Tirunagari/GitHub/Unsupervised-Protein-Genes-Diseases-Extraction/Scripts/merge_annotations/error.4948483.err> for stderr output of this job.

